Flow report for DirectDigitalSynthesizer
Thu Jun 27 23:43:54 2019
Quartus II 64-Bit Version 13.0.0 Build 156 04/24/2013 SJ Full Version


---------------------
; Table of Contents ;
---------------------
  1. Legal Notice
  2. Flow Summary
  3. Flow Settings
  4. Flow Non-Default Global Settings
  5. Flow Elapsed Time
  6. Flow OS Summary
  7. Flow Log
  8. Flow Messages
  9. Flow Suppressed Messages



----------------
; Legal Notice ;
----------------
Copyright (C) 1991-2013 Altera Corporation
Your use of Altera Corporation's design tools, logic functions 
and other software and tools, and its AMPP partner logic 
functions, and any output files from any of the foregoing 
(including device programming or simulation files), and any 
associated documentation or information are expressly subject 
to the terms and conditions of the Altera Program License 
Subscription Agreement, Altera MegaCore Function License 
Agreement, or other applicable license agreement, including, 
without limitation, that your use is for the sole purpose of 
programming logic devices manufactured by Altera and sold by 
Altera or its authorized distributors.  Please refer to the 
applicable agreement for further details.



+----------------------------------------------------------------------------------+
; Flow Summary                                                                     ;
+------------------------------------+---------------------------------------------+
; Flow Status                        ; Successful - Thu Jun 27 23:43:54 2019       ;
; Quartus II 64-Bit Version          ; 13.0.0 Build 156 04/24/2013 SJ Full Version ;
; Revision Name                      ; DirectDigitalSynthesizer                    ;
; Top-level Entity Name              ; top                                         ;
; Family                             ; Cyclone II                                  ;
; Device                             ; EP2C5Q208C8                                 ;
; Timing Models                      ; Final                                       ;
; Total logic elements               ; N/A until Partition Merge                   ;
;     Total combinational functions  ; N/A until Partition Merge                   ;
;     Dedicated logic registers      ; N/A until Partition Merge                   ;
; Total registers                    ; N/A until Partition Merge                   ;
; Total pins                         ; N/A until Partition Merge                   ;
; Total virtual pins                 ; N/A until Partition Merge                   ;
; Total memory bits                  ; N/A until Partition Merge                   ;
; Embedded Multiplier 9-bit elements ; N/A until Partition Merge                   ;
; Total PLLs                         ; N/A until Partition Merge                   ;
+------------------------------------+---------------------------------------------+


+----------------------------------------------+
; Flow Settings                                ;
+-------------------+--------------------------+
; Option            ; Setting                  ;
+-------------------+--------------------------+
; Start date & time ; 06/27/2019 21:33:46      ;
; Main task         ; Compilation              ;
; Revision Name     ; DirectDigitalSynthesizer ;
+-------------------+--------------------------+


+----------------------------------------------------------------------------------------------------------------------------------------+
; Flow Non-Default Global Settings                                                                                                       ;
+--------------------------------------+---------------------------------------+--------------------------+-------------+----------------+
; Assignment Name                      ; Value                                 ; Default Value            ; Entity Name ; Section Id     ;
+--------------------------------------+---------------------------------------+--------------------------+-------------+----------------+
; COMPILER_SIGNATURE_ID                ; 62488679679181.156164242514648        ; --                       ; --          ; --             ;
; EDA_DESIGN_INSTANCE_NAME             ; NA                                    ; --                       ; --          ; top_vlg_tst    ;
; EDA_NATIVELINK_SIMULATION_TEST_BENCH ; top_vlg_tst                           ; --                       ; --          ; eda_simulation ;
; EDA_OUTPUT_DATA_FORMAT               ; Verilog Hdl                           ; --                       ; --          ; eda_simulation ;
; EDA_SIMULATION_TOOL                  ; ModelSim-Altera (Verilog)             ; <None>                   ; --          ; --             ;
; EDA_TEST_BENCH_ENABLE_STATUS         ; TEST_BENCH_MODE                       ; --                       ; --          ; eda_simulation ;
; EDA_TEST_BENCH_FILE                  ; simulation/modelsim/top.vt            ; --                       ; --          ; top_vlg_tst    ;
; EDA_TEST_BENCH_MODULE_NAME           ; top_vlg_tst                           ; --                       ; --          ; top_vlg_tst    ;
; EDA_TEST_BENCH_NAME                  ; top_vlg_tst                           ; --                       ; --          ; eda_simulation ;
; EDA_TIME_SCALE                       ; 1 ps                                  ; --                       ; --          ; eda_simulation ;
; IP_TOOL_NAME                         ; ROM: 1-PORT                           ; --                       ; --          ; --             ;
; IP_TOOL_NAME                         ; ROM: 1-PORT                           ; --                       ; --          ; --             ;
; IP_TOOL_VERSION                      ; 13.0                                  ; --                       ; --          ; --             ;
; IP_TOOL_VERSION                      ; 13.0                                  ; --                       ; --          ; --             ;
; MAX_CORE_JUNCTION_TEMP               ; 85                                    ; --                       ; --          ; --             ;
; MIN_CORE_JUNCTION_TEMP               ; 0                                     ; --                       ; --          ; --             ;
; MISC_FILE                            ; SinROM_bb.v                           ; --                       ; --          ; --             ;
; MISC_FILE                            ; TriangularROM_bb.v                    ; --                       ; --          ; --             ;
; PARTITION_COLOR                      ; 16764057                              ; --                       ; top         ; Top            ;
; PARTITION_FITTER_PRESERVATION_LEVEL  ; PLACEMENT_AND_ROUTING                 ; --                       ; top         ; Top            ;
; PARTITION_NETLIST_TYPE               ; SOURCE                                ; --                       ; top         ; Top            ;
; POWER_BOARD_THERMAL_MODEL            ; None (CONSERVATIVE)                   ; --                       ; --          ; --             ;
; POWER_PRESET_COOLING_SOLUTION        ; 23 MM HEAT SINK WITH 200 LFPM AIRFLOW ; --                       ; --          ; --             ;
; PROJECT_OUTPUT_DIRECTORY             ; output_files                          ; --                       ; --          ; --             ;
; TOP_LEVEL_ENTITY                     ; top                                   ; DirectDigitalSynthesizer ; --          ; --             ;
+--------------------------------------+---------------------------------------+--------------------------+-------------+----------------+


+-------------------------------------------------------------------------------------------------------------------------------+
; Flow Elapsed Time                                                                                                             ;
+---------------------------+--------------+-------------------------+---------------------+------------------------------------+
; Module Name               ; Elapsed Time ; Average Processors Used ; Peak Virtual Memory ; Total CPU Time (on all processors) ;
+---------------------------+--------------+-------------------------+---------------------+------------------------------------+
; Analysis & Synthesis      ; 00:00:02     ; 1.0                     ; 4617 MB             ; 00:00:02                           ;
; Fitter                    ; 00:00:07     ; 1.0                     ; 5247 MB             ; 00:00:08                           ;
; Assembler                 ; 00:00:01     ; 1.0                     ; 4563 MB             ; 00:00:01                           ;
; TimeQuest Timing Analyzer ; 00:00:01     ; 1.0                     ; 4600 MB             ; 00:00:01                           ;
; EDA Netlist Writer        ; 00:00:01     ; 1.0                     ; 4526 MB             ; 00:00:01                           ;
; Analysis & Synthesis      ; 00:00:08     ; 1.3                     ; 4673 MB             ; 00:00:08                           ;
; Partition Merge           ; 00:00:01     ; 1.0                     ; 4637 MB             ; 00:00:01                           ;
; Fitter                    ; 00:00:05     ; 1.4                     ; 5265 MB             ; 00:00:06                           ;
; Assembler                 ; 00:00:01     ; 1.0                     ; 4567 MB             ; 00:00:01                           ;
; TimeQuest Timing Analyzer ; 00:00:01     ; 1.0                     ; 4594 MB             ; 00:00:01                           ;
; EDA Netlist Writer        ; 00:00:02     ; 1.0                     ; 4531 MB             ; 00:00:01                           ;
; Analysis & Synthesis      ; 00:00:05     ; 1.0                     ; 4674 MB             ; 00:00:04                           ;
; Partition Merge           ; 00:00:01     ; 1.0                     ; 4633 MB             ; 00:00:01                           ;
; Fitter                    ; 00:00:02     ; 1.0                     ; 4846 MB             ; 00:00:02                           ;
; Analysis & Synthesis      ; 00:00:04     ; 1.0                     ; 4672 MB             ; 00:00:04                           ;
; Partition Merge           ; 00:00:01     ; 1.0                     ; 4637 MB             ; 00:00:01                           ;
; Fitter                    ; 00:00:05     ; 1.6                     ; 5257 MB             ; 00:00:06                           ;
; Assembler                 ; 00:00:01     ; 1.0                     ; 4567 MB             ; 00:00:01                           ;
; TimeQuest Timing Analyzer ; 00:00:02     ; 1.0                     ; 4594 MB             ; 00:00:01                           ;
; EDA Netlist Writer        ; 00:00:01     ; 1.0                     ; 4531 MB             ; 00:00:01                           ;
; EDA Netlist Writer        ; 00:00:00     ; 1.0                     ; 4548 MB             ; 00:00:01                           ;
; Analysis & Synthesis      ; 00:00:08     ; 1.3                     ; 4675 MB             ; 00:00:07                           ;
; Total                     ; 00:01:00     ; --                      ; --                  ; 00:01:00                           ;
+---------------------------+--------------+-------------------------+---------------------+------------------------------------+


+----------------------------------------------------------------------------------------+
; Flow OS Summary                                                                        ;
+---------------------------+------------------+-----------+------------+----------------+
; Module Name               ; Machine Hostname ; OS Name   ; OS Version ; Processor type ;
+---------------------------+------------------+-----------+------------+----------------+
; Analysis & Synthesis      ; Zishun的Windows  ; Windows 7 ; 6.2        ; x86_64         ;
; Fitter                    ; Zishun的Windows  ; Windows 7 ; 6.2        ; x86_64         ;
; Assembler                 ; Zishun的Windows  ; Windows 7 ; 6.2        ; x86_64         ;
; TimeQuest Timing Analyzer ; Zishun的Windows  ; Windows 7 ; 6.2        ; x86_64         ;
; EDA Netlist Writer        ; Zishun的Windows  ; Windows 7 ; 6.2        ; x86_64         ;
; Analysis & Synthesis      ; Zishun的Windows  ; Windows 7 ; 6.2        ; x86_64         ;
; Partition Merge           ; Zishun的Windows  ; Windows 7 ; 6.2        ; x86_64         ;
; Fitter                    ; Zishun的Windows  ; Windows 7 ; 6.2        ; x86_64         ;
; Assembler                 ; Zishun的Windows  ; Windows 7 ; 6.2        ; x86_64         ;
; TimeQuest Timing Analyzer ; Zishun的Windows  ; Windows 7 ; 6.2        ; x86_64         ;
; EDA Netlist Writer        ; Zishun的Windows  ; Windows 7 ; 6.2        ; x86_64         ;
; Analysis & Synthesis      ; Zishun的Windows  ; Windows 7 ; 6.2        ; x86_64         ;
; Partition Merge           ; Zishun的Windows  ; Windows 7 ; 6.2        ; x86_64         ;
; Fitter                    ; Zishun的Windows  ; Windows 7 ; 6.2        ; x86_64         ;
; Analysis & Synthesis      ; Zishun的Windows  ; Windows 7 ; 6.2        ; x86_64         ;
; Partition Merge           ; Zishun的Windows  ; Windows 7 ; 6.2        ; x86_64         ;
; Fitter                    ; Zishun的Windows  ; Windows 7 ; 6.2        ; x86_64         ;
; Assembler                 ; Zishun的Windows  ; Windows 7 ; 6.2        ; x86_64         ;
; TimeQuest Timing Analyzer ; Zishun的Windows  ; Windows 7 ; 6.2        ; x86_64         ;
; EDA Netlist Writer        ; Zishun的Windows  ; Windows 7 ; 6.2        ; x86_64         ;
; EDA Netlist Writer        ; Zishun的Windows  ; Windows 7 ; 6.2        ; x86_64         ;
; Analysis & Synthesis      ; Zishun的Windows  ; Windows 7 ; 6.2        ; x86_64         ;
+---------------------------+------------------+-----------+------------+----------------+


------------
; Flow Log ;
------------
quartus_map --read_settings_files=on --write_settings_files=off DirectDigitalSynthesizer -c DirectDigitalSynthesizer
quartus_fit --read_settings_files=off --write_settings_files=off DirectDigitalSynthesizer -c DirectDigitalSynthesizer
quartus_asm --read_settings_files=off --write_settings_files=off DirectDigitalSynthesizer -c DirectDigitalSynthesizer
quartus_sta DirectDigitalSynthesizer -c DirectDigitalSynthesizer
quartus_eda --read_settings_files=off --write_settings_files=off DirectDigitalSynthesizer -c DirectDigitalSynthesizer
quartus_map --read_settings_files=on --write_settings_files=off DirectDigitalSynthesizer -c DirectDigitalSynthesizer
quartus_cdb --read_settings_files=off --write_settings_files=off DirectDigitalSynthesizer -c DirectDigitalSynthesizer --merge=on
quartus_fit --read_settings_files=off --write_settings_files=off DirectDigitalSynthesizer -c DirectDigitalSynthesizer
quartus_asm --read_settings_files=off --write_settings_files=off DirectDigitalSynthesizer -c DirectDigitalSynthesizer
quartus_sta DirectDigitalSynthesizer -c DirectDigitalSynthesizer
quartus_eda --read_settings_files=off --write_settings_files=off DirectDigitalSynthesizer -c DirectDigitalSynthesizer
quartus_map --read_settings_files=on --write_settings_files=off DirectDigitalSynthesizer -c DirectDigitalSynthesizer
quartus_cdb --read_settings_files=off --write_settings_files=off DirectDigitalSynthesizer -c DirectDigitalSynthesizer --merge=on
quartus_fit --read_settings_files=off --write_settings_files=off DirectDigitalSynthesizer -c DirectDigitalSynthesizer
quartus_map --read_settings_files=on --write_settings_files=off DirectDigitalSynthesizer -c DirectDigitalSynthesizer
quartus_cdb --read_settings_files=off --write_settings_files=off DirectDigitalSynthesizer -c DirectDigitalSynthesizer --merge=on
quartus_fit --read_settings_files=off --write_settings_files=off DirectDigitalSynthesizer -c DirectDigitalSynthesizer
quartus_asm --read_settings_files=off --write_settings_files=off DirectDigitalSynthesizer -c DirectDigitalSynthesizer
quartus_sta DirectDigitalSynthesizer -c DirectDigitalSynthesizer
quartus_eda --read_settings_files=off --write_settings_files=off DirectDigitalSynthesizer -c DirectDigitalSynthesizer
quartus_eda --read_settings_files=on --write_settings_files=off DirectDigitalSynthesizer -c DirectDigitalSynthesizer --gen_testbench
quartus_map --read_settings_files=on --write_settings_files=off DirectDigitalSynthesizer -c DirectDigitalSynthesizer



