Analysis & Synthesis report for DirectDigitalSynthesizer
Fri Jun 21 22:16:02 2019
Quartus II 64-Bit Version 13.0.0 Build 156 04/24/2013 SJ Full Version


---------------------
; Table of Contents ;
---------------------
  1. Legal Notice
  2. Analysis & Synthesis Summary
  3. Analysis & Synthesis Settings
  4. Parallel Compilation
  5. Analysis & Synthesis Source Files Read
  6. Analysis & Synthesis Resource Usage Summary
  7. Analysis & Synthesis Resource Utilization by Entity
  8. General Register Statistics
  9. Port Connectivity Checks: "PWMWave:P2"
 10. Elapsed Time Per Partition
 11. Analysis & Synthesis Messages



----------------
; Legal Notice ;
----------------
Copyright (C) 1991-2013 Altera Corporation
Your use of Altera Corporation's design tools, logic functions 
and other software and tools, and its AMPP partner logic 
functions, and any output files from any of the foregoing 
(including device programming or simulation files), and any 
associated documentation or information are expressly subject 
to the terms and conditions of the Altera Program License 
Subscription Agreement, Altera MegaCore Function License 
Agreement, or other applicable license agreement, including, 
without limitation, that your use is for the sole purpose of 
programming logic devices manufactured by Altera and sold by 
Altera or its authorized distributors.  Please refer to the 
applicable agreement for further details.



+----------------------------------------------------------------------------------+
; Analysis & Synthesis Summary                                                     ;
+------------------------------------+---------------------------------------------+
; Analysis & Synthesis Status        ; Successful - Fri Jun 21 22:16:02 2019       ;
; Quartus II 64-Bit Version          ; 13.0.0 Build 156 04/24/2013 SJ Full Version ;
; Revision Name                      ; DirectDigitalSynthesizer                    ;
; Top-level Entity Name              ; top                                         ;
; Family                             ; Cyclone II                                  ;
; Total logic elements               ; 0                                           ;
;     Total combinational functions  ; 0                                           ;
;     Dedicated logic registers      ; 0                                           ;
; Total registers                    ; 0                                           ;
; Total pins                         ; 36                                          ;
; Total virtual pins                 ; 0                                           ;
; Total memory bits                  ; 0                                           ;
; Embedded Multiplier 9-bit elements ; 0                                           ;
; Total PLLs                         ; 0                                           ;
+------------------------------------+---------------------------------------------+


+----------------------------------------------------------------------------------------------------------------------------+
; Analysis & Synthesis Settings                                                                                              ;
+----------------------------------------------------------------------------+--------------------+--------------------------+
; Option                                                                     ; Setting            ; Default Value            ;
+----------------------------------------------------------------------------+--------------------+--------------------------+
; Device                                                                     ; EP2C5Q208C8        ;                          ;
; Top-level entity name                                                      ; top                ; DirectDigitalSynthesizer ;
; Family name                                                                ; Cyclone II         ; Cyclone IV GX            ;
; Use smart compilation                                                      ; Off                ; Off                      ;
; Enable parallel Assembler and TimeQuest Timing Analyzer during compilation ; On                 ; On                       ;
; Enable compact report table                                                ; Off                ; Off                      ;
; Restructure Multiplexers                                                   ; Auto               ; Auto                     ;
; Create Debugging Nodes for IP Cores                                        ; Off                ; Off                      ;
; Preserve fewer node names                                                  ; On                 ; On                       ;
; Disable OpenCore Plus hardware evaluation                                  ; Off                ; Off                      ;
; Verilog Version                                                            ; Verilog_2001       ; Verilog_2001             ;
; VHDL Version                                                               ; VHDL_1993          ; VHDL_1993                ;
; State Machine Processing                                                   ; Auto               ; Auto                     ;
; Safe State Machine                                                         ; Off                ; Off                      ;
; Extract Verilog State Machines                                             ; On                 ; On                       ;
; Extract VHDL State Machines                                                ; On                 ; On                       ;
; Ignore Verilog initial constructs                                          ; Off                ; Off                      ;
; Iteration limit for constant Verilog loops                                 ; 5000               ; 5000                     ;
; Iteration limit for non-constant Verilog loops                             ; 250                ; 250                      ;
; Add Pass-Through Logic to Inferred RAMs                                    ; On                 ; On                       ;
; Infer RAMs from Raw Logic                                                  ; On                 ; On                       ;
; Parallel Synthesis                                                         ; On                 ; On                       ;
; DSP Block Balancing                                                        ; Auto               ; Auto                     ;
; NOT Gate Push-Back                                                         ; On                 ; On                       ;
; Power-Up Don't Care                                                        ; On                 ; On                       ;
; Remove Redundant Logic Cells                                               ; Off                ; Off                      ;
; Remove Duplicate Registers                                                 ; On                 ; On                       ;
; Ignore CARRY Buffers                                                       ; Off                ; Off                      ;
; Ignore CASCADE Buffers                                                     ; Off                ; Off                      ;
; Ignore GLOBAL Buffers                                                      ; Off                ; Off                      ;
; Ignore ROW GLOBAL Buffers                                                  ; Off                ; Off                      ;
; Ignore LCELL Buffers                                                       ; Off                ; Off                      ;
; Ignore SOFT Buffers                                                        ; On                 ; On                       ;
; Limit AHDL Integers to 32 Bits                                             ; Off                ; Off                      ;
; Optimization Technique                                                     ; Balanced           ; Balanced                 ;
; Carry Chain Length                                                         ; 70                 ; 70                       ;
; Auto Carry Chains                                                          ; On                 ; On                       ;
; Auto Open-Drain Pins                                                       ; On                 ; On                       ;
; Perform WYSIWYG Primitive Resynthesis                                      ; Off                ; Off                      ;
; Auto ROM Replacement                                                       ; On                 ; On                       ;
; Auto RAM Replacement                                                       ; On                 ; On                       ;
; Auto Shift Register Replacement                                            ; Auto               ; Auto                     ;
; Allow Shift Register Merging across Hierarchies                            ; Auto               ; Auto                     ;
; Auto Clock Enable Replacement                                              ; On                 ; On                       ;
; Strict RAM Replacement                                                     ; Off                ; Off                      ;
; Allow Synchronous Control Signals                                          ; On                 ; On                       ;
; Force Use of Synchronous Clear Signals                                     ; Off                ; Off                      ;
; Auto RAM to Logic Cell Conversion                                          ; Off                ; Off                      ;
; Auto Resource Sharing                                                      ; Off                ; Off                      ;
; Allow Any RAM Size For Recognition                                         ; Off                ; Off                      ;
; Allow Any ROM Size For Recognition                                         ; Off                ; Off                      ;
; Allow Any Shift Register Size For Recognition                              ; Off                ; Off                      ;
; Use LogicLock Constraints during Resource Balancing                        ; On                 ; On                       ;
; Ignore translate_off and synthesis_off directives                          ; Off                ; Off                      ;
; Timing-Driven Synthesis                                                    ; Off                ; Off                      ;
; Report Parameter Settings                                                  ; On                 ; On                       ;
; Report Source Assignments                                                  ; On                 ; On                       ;
; Report Connectivity Checks                                                 ; On                 ; On                       ;
; Ignore Maximum Fan-Out Assignments                                         ; Off                ; Off                      ;
; Synchronization Register Chain Length                                      ; 2                  ; 2                        ;
; PowerPlay Power Optimization                                               ; Normal compilation ; Normal compilation       ;
; HDL message level                                                          ; Level2             ; Level2                   ;
; Suppress Register Optimization Related Messages                            ; Off                ; Off                      ;
; Number of Removed Registers Reported in Synthesis Report                   ; 5000               ; 5000                     ;
; Number of Swept Nodes Reported in Synthesis Report                         ; 5000               ; 5000                     ;
; Number of Inverted Registers Reported in Synthesis Report                  ; 100                ; 100                      ;
; Clock MUX Protection                                                       ; On                 ; On                       ;
; Auto Gated Clock Conversion                                                ; Off                ; Off                      ;
; Block Design Naming                                                        ; Auto               ; Auto                     ;
; SDC constraint protection                                                  ; Off                ; Off                      ;
; Synthesis Effort                                                           ; Auto               ; Auto                     ;
; Shift Register Replacement - Allow Asynchronous Clear Signal               ; On                 ; On                       ;
; Pre-Mapping Resynthesis Optimization                                       ; Off                ; Off                      ;
; Analysis & Synthesis Message Level                                         ; Medium             ; Medium                   ;
; Disable Register Merging Across Hierarchies                                ; Auto               ; Auto                     ;
; Resource Aware Inference For Block RAM                                     ; On                 ; On                       ;
; Synthesis Seed                                                             ; 1                  ; 1                        ;
+----------------------------------------------------------------------------+--------------------+--------------------------+


+------------------------------------------+
; Parallel Compilation                     ;
+----------------------------+-------------+
; Processors                 ; Number      ;
+----------------------------+-------------+
; Number detected on machine ; 4           ;
; Maximum allowed            ; 4           ;
;                            ;             ;
; Average used               ; 1.00        ;
; Maximum used               ; 1           ;
;                            ;             ;
; Usage by Processor         ; % Time Used ;
;     Processor 1            ; 100.0%      ;
;     Processors 2-4         ;   0.0%      ;
+----------------------------+-------------+


+--------------------------------------------------------------------------------------------------------------------------------------------+
; Analysis & Synthesis Source Files Read                                                                                                     ;
+----------------------------------+-----------------+------------------------+----------------------------------------------------+---------+
; File Name with User-Entered Path ; Used in Netlist ; File Type              ; File Name with Absolute Path                       ; Library ;
+----------------------------------+-----------------+------------------------+----------------------------------------------------+---------+
; phase.v                          ; yes             ; User Verilog HDL File  ; C:/Users/m1899/Desktop/DDSProject/phase.v          ;         ;
; TriangularWave.v                 ; yes             ; User Verilog HDL File  ; C:/Users/m1899/Desktop/DDSProject/TriangularWave.v ;         ;
; top.v                            ; yes             ; User Verilog HDL File  ; C:/Users/m1899/Desktop/DDSProject/top.v            ;         ;
; SinWave.v                        ; yes             ; User Verilog HDL File  ; C:/Users/m1899/Desktop/DDSProject/SinWave.v        ;         ;
; PWMWave.v                        ; yes             ; User Verilog HDL File  ; C:/Users/m1899/Desktop/DDSProject/PWMWave.v        ;         ;
; ControlPanel.v                   ; yes             ; User Verilog HDL File  ; C:/Users/m1899/Desktop/DDSProject/ControlPanel.v   ;         ;
; ClockGenerator.v                 ; yes             ; User Verilog HDL File  ; C:/Users/m1899/Desktop/DDSProject/ClockGenerator.v ;         ;
+----------------------------------+-----------------+------------------------+----------------------------------------------------+---------+


+-----------------------------------------------------+
; Analysis & Synthesis Resource Usage Summary         ;
+---------------------------------------------+-------+
; Resource                                    ; Usage ;
+---------------------------------------------+-------+
;                                             ;       ;
; Total combinational functions               ; 0     ;
; Logic element usage by number of LUT inputs ;       ;
;     -- 4 input functions                    ; 0     ;
;     -- 3 input functions                    ; 0     ;
;     -- <=2 input functions                  ; 0     ;
;                                             ;       ;
; Logic elements by mode                      ;       ;
;     -- normal mode                          ; 0     ;
;     -- arithmetic mode                      ; 0     ;
;                                             ;       ;
; Total registers                             ; 0     ;
;     -- Dedicated logic registers            ; 0     ;
;     -- I/O registers                        ; 0     ;
;                                             ;       ;
; I/O pins                                    ; 36    ;
; Embedded Multiplier 9-bit elements          ; 0     ;
+---------------------------------------------+-------+


+-----------------------------------------------------------------------------------------------------------------------------------------------------------------------------+
; Analysis & Synthesis Resource Utilization by Entity                                                                                                                         ;
+----------------------------+-------------------+--------------+-------------+--------------+---------+-----------+------+--------------+---------------------+--------------+
; Compilation Hierarchy Node ; LC Combinationals ; LC Registers ; Memory Bits ; DSP Elements ; DSP 9x9 ; DSP 18x18 ; Pins ; Virtual Pins ; Full Hierarchy Name ; Library Name ;
+----------------------------+-------------------+--------------+-------------+--------------+---------+-----------+------+--------------+---------------------+--------------+
; |top                       ; 0 (0)             ; 0 (0)        ; 0           ; 0            ; 0       ; 0         ; 36   ; 0            ; |top                ;              ;
+----------------------------+-------------------+--------------+-------------+--------------+---------+-----------+------+--------------+---------------------+--------------+
Note: For table entries with two numbers listed, the numbers in parentheses indicate the number of resources of the given type used by the specific entity alone. The numbers listed outside of parentheses indicate the total resources of the given type used by the specific entity and all of its sub-entities in the hierarchy.


+------------------------------------------------------+
; General Register Statistics                          ;
+----------------------------------------------+-------+
; Statistic                                    ; Value ;
+----------------------------------------------+-------+
; Total registers                              ; 0     ;
; Number of registers using Synchronous Clear  ; 0     ;
; Number of registers using Synchronous Load   ; 0     ;
; Number of registers using Asynchronous Clear ; 0     ;
; Number of registers using Asynchronous Load  ; 0     ;
; Number of registers using Clock Enable       ; 0     ;
; Number of registers using Preset             ; 0     ;
+----------------------------------------------+-------+


+-------------------------------------------------+
; Port Connectivity Checks: "PWMWave:P2"          ;
+---------------+-------+----------+--------------+
; Port          ; Type  ; Severity ; Details      ;
+---------------+-------+----------+--------------+
; PWMDuty[6..0] ; Input ; Info     ; Stuck at GND ;
; PWMDuty[7]    ; Input ; Info     ; Stuck at VCC ;
+---------------+-------+----------+--------------+


+-------------------------------+
; Elapsed Time Per Partition    ;
+----------------+--------------+
; Partition Name ; Elapsed Time ;
+----------------+--------------+
; Top            ; 00:00:00     ;
+----------------+--------------+


+-------------------------------+
; Analysis & Synthesis Messages ;
+-------------------------------+
Info: *******************************************************************
Info: Running Quartus II 64-Bit Analysis & Synthesis
    Info: Version 13.0.0 Build 156 04/24/2013 SJ Full Version
    Info: Processing started: Fri Jun 21 22:16:00 2019
Info: Command: quartus_map --read_settings_files=on --write_settings_files=off DirectDigitalSynthesizer -c DirectDigitalSynthesizer
Info (20030): Parallel compilation is enabled and will use 4 of the 4 processors detected
Info (12021): Found 1 design units, including 1 entities, in source file phase.v
    Info (12023): Found entity 1: phase
Info (12021): Found 1 design units, including 1 entities, in source file triangularwave.v
    Info (12023): Found entity 1: TriangularWave
Info (12021): Found 1 design units, including 1 entities, in source file top.v
    Info (12023): Found entity 1: top
Info (12021): Found 1 design units, including 1 entities, in source file sinwave.v
    Info (12023): Found entity 1: SinWave
Info (12021): Found 1 design units, including 1 entities, in source file pwmwave.v
    Info (12023): Found entity 1: PWMWave
Info (12021): Found 1 design units, including 1 entities, in source file controlpanel.v
    Info (12023): Found entity 1: ControlPanel
Info (12021): Found 1 design units, including 1 entities, in source file clockgenerator.v
    Info (12023): Found entity 1: ClockGenerator
Info (12127): Elaborating entity "top" for the top level hierarchy
Info (12128): Elaborating entity "ClockGenerator" for hierarchy "ClockGenerator:C1"
Warning (10034): Output port "clk_N" at ClockGenerator.v(1) has no driver
Info (12128): Elaborating entity "phase" for hierarchy "phase:phaseControler"
Warning (10034): Output port "phase" at phase.v(1) has no driver
Info (12128): Elaborating entity "SinWave" for hierarchy "SinWave:S1"
Warning (10034): Output port "Sinout" at SinWave.v(1) has no driver
Info (12128): Elaborating entity "TriangularWave" for hierarchy "TriangularWave:T1"
Warning (10034): Output port "Triangularout" at TriangularWave.v(1) has no driver
Info (12128): Elaborating entity "PWMWave" for hierarchy "PWMWave:P1"
Warning (10034): Output port "PWMout" at PWMWave.v(1) has no driver
Info (12128): Elaborating entity "ControlPanel" for hierarchy "ControlPanel:Control"
Warning (10034): Output port "SignalOut" at ControlPanel.v(4) has no driver
Warning (13024): Output pins are stuck at VCC or GND
    Warning (13410): Pin "SignalOut[0]" is stuck at GND
    Warning (13410): Pin "SignalOut[1]" is stuck at GND
    Warning (13410): Pin "SignalOut[2]" is stuck at GND
    Warning (13410): Pin "SignalOut[3]" is stuck at GND
    Warning (13410): Pin "SignalOut[4]" is stuck at GND
    Warning (13410): Pin "SignalOut[5]" is stuck at GND
    Warning (13410): Pin "SignalOut[6]" is stuck at GND
    Warning (13410): Pin "SignalOut[7]" is stuck at GND
    Warning (13410): Pin "SignalOut[8]" is stuck at GND
    Warning (13410): Pin "SignalOut[9]" is stuck at GND
    Warning (13410): Pin "SignalOut[10]" is stuck at GND
    Warning (13410): Pin "SignalOut[11]" is stuck at GND
    Warning (13410): Pin "SignalOut[12]" is stuck at GND
    Warning (13410): Pin "SignalOut[13]" is stuck at GND
    Warning (13410): Pin "SignalOut[14]" is stuck at GND
    Warning (13410): Pin "SignalOut[15]" is stuck at GND
Info (16010): Generating hard_block partition "hard_block:auto_generated_inst"
    Info (16011): Adding 0 node(s), including 0 DDIO, 0 PLL, 0 transceiver and 0 LCELL
Warning (21074): Design contains 20 input pin(s) that do not drive logic
    Warning (15610): No output dependent on input pin "clk"
    Warning (15610): No output dependent on input pin "PWMDuty[0]"
    Warning (15610): No output dependent on input pin "PWMDuty[1]"
    Warning (15610): No output dependent on input pin "PWMDuty[2]"
    Warning (15610): No output dependent on input pin "PWMDuty[3]"
    Warning (15610): No output dependent on input pin "PWMDuty[4]"
    Warning (15610): No output dependent on input pin "PWMDuty[5]"
    Warning (15610): No output dependent on input pin "PWMDuty[6]"
    Warning (15610): No output dependent on input pin "PWMDuty[7]"
    Warning (15610): No output dependent on input pin "Switch[0]"
    Warning (15610): No output dependent on input pin "Switch[1]"
    Warning (15610): No output dependent on input pin "SwitchMicro[0]"
    Warning (15610): No output dependent on input pin "SwitchMicro[1]"
    Warning (15610): No output dependent on input pin "SwitchNano[0]"
    Warning (15610): No output dependent on input pin "SwitchNano[1]"
    Warning (15610): No output dependent on input pin "OutMode[0]"
    Warning (15610): No output dependent on input pin "OutMode[1]"
    Warning (15610): No output dependent on input pin "reset"
    Warning (15610): No output dependent on input pin "phaseadd"
    Warning (15610): No output dependent on input pin "phasesub"
Info (21057): Implemented 36 device resources after synthesis - the final resource count might be different
    Info (21058): Implemented 20 input pins
    Info (21059): Implemented 16 output pins
Info: Quartus II 64-Bit Analysis & Synthesis was successful. 0 errors, 44 warnings
    Info: Peak virtual memory: 4608 megabytes
    Info: Processing ended: Fri Jun 21 22:16:02 2019
    Info: Elapsed time: 00:00:02
    Info: Total CPU time (on all processors): 00:00:01


