Partition Merge report for DirectDigitalSynthesizer
Sat Jun 29 10:59:45 2019
Quartus II 64-Bit Version 13.0.0 Build 156 04/24/2013 SJ Full Version


---------------------
; Table of Contents ;
---------------------
  1. Legal Notice
  2. Partition Merge Summary
  3. Partition Merge Netlist Types Used
  4. Connections to In-System Debugging Instance "auto_signaltap_0"
  5. Partition Merge Partition Statistics
  6. Partition Merge Resource Usage Summary
  7. Partition Merge RAM Summary
  8. Partition Merge Messages



----------------
; Legal Notice ;
----------------
Copyright (C) 1991-2013 Altera Corporation
Your use of Altera Corporation's design tools, logic functions 
and other software and tools, and its AMPP partner logic 
functions, and any output files from any of the foregoing 
(including device programming or simulation files), and any 
associated documentation or information are expressly subject 
to the terms and conditions of the Altera Program License 
Subscription Agreement, Altera MegaCore Function License 
Agreement, or other applicable license agreement, including, 
without limitation, that your use is for the sole purpose of 
programming logic devices manufactured by Altera and sold by 
Altera or its authorized distributors.  Please refer to the 
applicable agreement for further details.



+----------------------------------------------------------------------------------+
; Partition Merge Summary                                                          ;
+------------------------------------+---------------------------------------------+
; Partition Merge Status             ; Successful - Sat Jun 29 10:59:45 2019       ;
; Quartus II 64-Bit Version          ; 13.0.0 Build 156 04/24/2013 SJ Full Version ;
; Revision Name                      ; DirectDigitalSynthesizer                    ;
; Top-level Entity Name              ; top                                         ;
; Family                             ; Cyclone II                                  ;
; Total logic elements               ; 4,013                                       ;
;     Total combinational functions  ; 3,706                                       ;
;     Dedicated logic registers      ; 732                                         ;
; Total registers                    ; 732                                         ;
; Total pins                         ; 44                                          ;
; Total virtual pins                 ; 0                                           ;
; Total memory bits                  ; 100,992                                     ;
; Embedded Multiplier 9-bit elements ; 0                                           ;
; Total PLLs                         ; 0                                           ;
+------------------------------------+---------------------------------------------+


+-------------------------------------------------------------------------------------------------------------------------------+
; Partition Merge Netlist Types Used                                                                                            ;
+--------------------------------+----------------+-------------------+------------------------+--------------------------------+
; Partition Name                 ; Partition Type ; Netlist Type Used ; Netlist Type Requested ; Partition Contents             ;
+--------------------------------+----------------+-------------------+------------------------+--------------------------------+
; Top                            ; User-created   ; Source File       ; Post-Fit               ;                                ;
; sld_hub:auto_hub               ; Auto-generated ; Post-Synthesis    ; Post-Synthesis         ; sld_hub:auto_hub               ;
; sld_signaltap:auto_signaltap_0 ; Auto-generated ; Post-Synthesis    ; Post-Synthesis         ; sld_signaltap:auto_signaltap_0 ;
; hard_block:auto_generated_inst ; Auto-generated ; Source File       ; Source File            ; hard_block:auto_generated_inst ;
+--------------------------------+----------------+-------------------+------------------------+--------------------------------+


+--------------------------------------------------------------------------------------------------------------------------+
; Connections to In-System Debugging Instance "auto_signaltap_0"                                                           ;
+-----------------+--------------+-----------+----------------+-------------------+------------------------------+---------+
; Name            ; Type         ; Status    ; Partition Name ; Netlist Type Used ; Actual Connection            ; Details ;
+-----------------+--------------+-----------+----------------+-------------------+------------------------------+---------+
; FreqPhaseSelect ; post-fitting ; connected ; Top            ; post-synthesis    ; FreqPhaseSelect              ; N/A     ;
; FreqPhaseSelect ; post-fitting ; connected ; Top            ; post-synthesis    ; FreqPhaseSelect              ; N/A     ;
; PushButton[0]   ; post-fitting ; connected ; Top            ; post-synthesis    ; PushButton[0]                ; N/A     ;
; PushButton[0]   ; post-fitting ; connected ; Top            ; post-synthesis    ; PushButton[0]                ; N/A     ;
; PushButton[1]   ; post-fitting ; connected ; Top            ; post-synthesis    ; PushButton[1]                ; N/A     ;
; PushButton[1]   ; post-fitting ; connected ; Top            ; post-synthesis    ; PushButton[1]                ; N/A     ;
; PushButton[2]   ; post-fitting ; connected ; Top            ; post-synthesis    ; PushButton[2]                ; N/A     ;
; PushButton[2]   ; post-fitting ; connected ; Top            ; post-synthesis    ; PushButton[2]                ; N/A     ;
; SignalOut[0]    ; post-fitting ; connected ; Top            ; post-synthesis    ; ControlPanel:Control|Mux15~2 ; N/A     ;
; SignalOut[0]    ; post-fitting ; connected ; Top            ; post-synthesis    ; ControlPanel:Control|Mux15~2 ; N/A     ;
; SignalOut[10]   ; post-fitting ; connected ; Top            ; post-synthesis    ; ControlPanel:Control|Mux5~1  ; N/A     ;
; SignalOut[10]   ; post-fitting ; connected ; Top            ; post-synthesis    ; ControlPanel:Control|Mux5~1  ; N/A     ;
; SignalOut[11]   ; post-fitting ; connected ; Top            ; post-synthesis    ; ControlPanel:Control|Mux4~1  ; N/A     ;
; SignalOut[11]   ; post-fitting ; connected ; Top            ; post-synthesis    ; ControlPanel:Control|Mux4~1  ; N/A     ;
; SignalOut[12]   ; post-fitting ; connected ; Top            ; post-synthesis    ; ControlPanel:Control|Mux3~1  ; N/A     ;
; SignalOut[12]   ; post-fitting ; connected ; Top            ; post-synthesis    ; ControlPanel:Control|Mux3~1  ; N/A     ;
; SignalOut[13]   ; post-fitting ; connected ; Top            ; post-synthesis    ; ControlPanel:Control|Mux2~1  ; N/A     ;
; SignalOut[13]   ; post-fitting ; connected ; Top            ; post-synthesis    ; ControlPanel:Control|Mux2~1  ; N/A     ;
; SignalOut[14]   ; post-fitting ; connected ; Top            ; post-synthesis    ; ControlPanel:Control|Mux1~1  ; N/A     ;
; SignalOut[14]   ; post-fitting ; connected ; Top            ; post-synthesis    ; ControlPanel:Control|Mux1~1  ; N/A     ;
; SignalOut[15]   ; post-fitting ; connected ; Top            ; post-synthesis    ; ControlPanel:Control|Mux0~1  ; N/A     ;
; SignalOut[15]   ; post-fitting ; connected ; Top            ; post-synthesis    ; ControlPanel:Control|Mux0~1  ; N/A     ;
; SignalOut[1]    ; post-fitting ; connected ; Top            ; post-synthesis    ; ControlPanel:Control|Mux14~1 ; N/A     ;
; SignalOut[1]    ; post-fitting ; connected ; Top            ; post-synthesis    ; ControlPanel:Control|Mux14~1 ; N/A     ;
; SignalOut[2]    ; post-fitting ; connected ; Top            ; post-synthesis    ; ControlPanel:Control|Mux13~1 ; N/A     ;
; SignalOut[2]    ; post-fitting ; connected ; Top            ; post-synthesis    ; ControlPanel:Control|Mux13~1 ; N/A     ;
; SignalOut[3]    ; post-fitting ; connected ; Top            ; post-synthesis    ; ControlPanel:Control|Mux12~1 ; N/A     ;
; SignalOut[3]    ; post-fitting ; connected ; Top            ; post-synthesis    ; ControlPanel:Control|Mux12~1 ; N/A     ;
; SignalOut[4]    ; post-fitting ; connected ; Top            ; post-synthesis    ; ControlPanel:Control|Mux11~1 ; N/A     ;
; SignalOut[4]    ; post-fitting ; connected ; Top            ; post-synthesis    ; ControlPanel:Control|Mux11~1 ; N/A     ;
; SignalOut[5]    ; post-fitting ; connected ; Top            ; post-synthesis    ; ControlPanel:Control|Mux10~1 ; N/A     ;
; SignalOut[5]    ; post-fitting ; connected ; Top            ; post-synthesis    ; ControlPanel:Control|Mux10~1 ; N/A     ;
; SignalOut[6]    ; post-fitting ; connected ; Top            ; post-synthesis    ; ControlPanel:Control|Mux9~1  ; N/A     ;
; SignalOut[6]    ; post-fitting ; connected ; Top            ; post-synthesis    ; ControlPanel:Control|Mux9~1  ; N/A     ;
; SignalOut[7]    ; post-fitting ; connected ; Top            ; post-synthesis    ; ControlPanel:Control|Mux8~1  ; N/A     ;
; SignalOut[7]    ; post-fitting ; connected ; Top            ; post-synthesis    ; ControlPanel:Control|Mux8~1  ; N/A     ;
; SignalOut[8]    ; post-fitting ; connected ; Top            ; post-synthesis    ; ControlPanel:Control|Mux7~1  ; N/A     ;
; SignalOut[8]    ; post-fitting ; connected ; Top            ; post-synthesis    ; ControlPanel:Control|Mux7~1  ; N/A     ;
; SignalOut[9]    ; post-fitting ; connected ; Top            ; post-synthesis    ; ControlPanel:Control|Mux6~1  ; N/A     ;
; SignalOut[9]    ; post-fitting ; connected ; Top            ; post-synthesis    ; ControlPanel:Control|Mux6~1  ; N/A     ;
; UpDownSelect    ; post-fitting ; connected ; Top            ; post-synthesis    ; UpDownSelect                 ; N/A     ;
; UpDownSelect    ; post-fitting ; connected ; Top            ; post-synthesis    ; UpDownSelect                 ; N/A     ;
; clk             ; post-fitting ; connected ; Top            ; post-synthesis    ; clk                          ; N/A     ;
+-----------------+--------------+-----------+----------------+-------------------+------------------------------+---------+


+------------------------------------------------------------------------------------------------------------------------------------------+
; Partition Merge Partition Statistics                                                                                                     ;
+---------------------------------------------+-------+------------------+--------------------------------+--------------------------------+
; Statistic                                   ; Top   ; sld_hub:auto_hub ; sld_signaltap:auto_signaltap_0 ; hard_block:auto_generated_inst ;
+---------------------------------------------+-------+------------------+--------------------------------+--------------------------------+
; Estimated Total logic elements              ; 3317  ; 142              ; 570                            ; 0                              ;
;                                             ;       ;                  ;                                ;                                ;
; Total combinational functions               ; 3317  ; 118              ; 271                            ; 0                              ;
; Logic element usage by number of LUT inputs ;       ;                  ;                                ;                                ;
;     -- 4 input functions                    ; 788   ; 50               ; 137                            ; 0                              ;
;     -- 3 input functions                    ; 866   ; 32               ; 81                             ; 0                              ;
;     -- <=2 input functions                  ; 1663  ; 36               ; 53                             ; 0                              ;
;                                             ;       ;                  ;                                ;                                ;
; Logic elements by mode                      ;       ;                  ;                                ;                                ;
;     -- normal mode                          ; 2150  ; 110              ; 236                            ; 0                              ;
;     -- arithmetic mode                      ; 1167  ; 8                ; 35                             ; 0                              ;
;                                             ;       ;                  ;                                ;                                ;
; Total registers                             ; 183   ; 86               ; 463                            ; 0                              ;
;     -- Dedicated logic registers            ; 183   ; 86               ; 463                            ; 0                              ;
;                                             ;       ;                  ;                                ;                                ;
; Virtual pins                                ; 0     ; 0                ; 0                              ; 0                              ;
; I/O pins                                    ; 44    ; 0                ; 0                              ; 0                              ;
; Embedded Multiplier 9-bit elements          ; 0     ; 0                ; 0                              ; 0                              ;
; Total memory bits                           ; 98304 ; 0                ; 2688                           ; 0                              ;
; Total RAM block bits                        ; 0     ; 0                ; 0                              ; 0                              ;
; JTAG                                        ; 1     ; 0                ; 0                              ; 0                              ;
;                                             ;       ;                  ;                                ;                                ;
; Connections                                 ;       ;                  ;                                ;                                ;
;     -- Input Connections                    ; 1     ; 128              ; 671                            ; 0                              ;
;     -- Registered Input Connections         ; 0     ; 97               ; 523                            ; 0                              ;
;     -- Output Connections                   ; 669   ; 129              ; 2                              ; 0                              ;
;     -- Registered Output Connections        ; 0     ; 128              ; 0                              ; 0                              ;
;                                             ;       ;                  ;                                ;                                ;
; Internal Connections                        ;       ;                  ;                                ;                                ;
;     -- Total Connections                    ; 10414 ; 772              ; 2651                           ; 0                              ;
;     -- Registered Connections               ; 958   ; 555              ; 1790                           ; 0                              ;
;                                             ;       ;                  ;                                ;                                ;
; External Connections                        ;       ;                  ;                                ;                                ;
;     -- Top                                  ; 0     ; 119              ; 551                            ; 0                              ;
;     -- sld_hub:auto_hub                     ; 119   ; 16               ; 122                            ; 0                              ;
;     -- sld_signaltap:auto_signaltap_0       ; 551   ; 122              ; 0                              ; 0                              ;
;     -- hard_block:auto_generated_inst       ; 0     ; 0                ; 0                              ; 0                              ;
;                                             ;       ;                  ;                                ;                                ;
; Partition Interface                         ;       ;                  ;                                ;                                ;
;     -- Input Ports                          ; 12    ; 19               ; 99                             ; 0                              ;
;     -- Output Ports                         ; 36    ; 37               ; 52                             ; 0                              ;
;     -- Bidir Ports                          ; 0     ; 0                ; 0                              ; 0                              ;
;                                             ;       ;                  ;                                ;                                ;
; Registered Ports                            ;       ;                  ;                                ;                                ;
;     -- Registered Input Ports               ; 0     ; 4                ; 47                             ; 0                              ;
;     -- Registered Output Ports              ; 0     ; 26               ; 43                             ; 0                              ;
;                                             ;       ;                  ;                                ;                                ;
; Port Connectivity                           ;       ;                  ;                                ;                                ;
;     -- Input Ports driven by GND            ; 0     ; 1                ; 0                              ; 0                              ;
;     -- Output Ports driven by GND           ; 0     ; 1                ; 0                              ; 0                              ;
;     -- Input Ports driven by VCC            ; 0     ; 0                ; 0                              ; 0                              ;
;     -- Output Ports driven by VCC           ; 0     ; 0                ; 0                              ; 0                              ;
;     -- Input Ports with no Source           ; 0     ; 1                ; 35                             ; 0                              ;
;     -- Output Ports with no Source          ; 0     ; 0                ; 0                              ; 0                              ;
;     -- Input Ports with no Fanout           ; 0     ; 2                ; 40                             ; 0                              ;
;     -- Output Ports with no Fanout          ; 0     ; 15               ; 43                             ; 0                              ;
+---------------------------------------------+-------+------------------+--------------------------------+--------------------------------+
Note: Resource usage numbers presented for Partitions containing post-synthesis logic are estimates.  For Partitions containing post-fit logic, resource usage numbers are accurate based on previous placement information.  Actual Fitter results may vary depending on current Fitter Preservation Level assignments.


+------------------------------------------------------+
; Partition Merge Resource Usage Summary               ;
+---------------------------------------------+--------+
; Resource                                    ; Usage  ;
+---------------------------------------------+--------+
; Estimated Total logic elements              ; 4,013  ;
;                                             ;        ;
; Total combinational functions               ; 3706   ;
; Logic element usage by number of LUT inputs ;        ;
;     -- 4 input functions                    ; 975    ;
;     -- 3 input functions                    ; 979    ;
;     -- <=2 input functions                  ; 1752   ;
;                                             ;        ;
; Logic elements by mode                      ;        ;
;     -- normal mode                          ; 2496   ;
;     -- arithmetic mode                      ; 1210   ;
;                                             ;        ;
; Total registers                             ; 732    ;
;     -- Dedicated logic registers            ; 732    ;
;     -- I/O registers                        ; 0      ;
;                                             ;        ;
; I/O pins                                    ; 44     ;
; Total memory bits                           ; 100992 ;
; Embedded Multiplier 9-bit elements          ; 0      ;
; Maximum fan-out node                        ; clk    ;
; Maximum fan-out                             ; 504    ;
; Total fan-out                               ; 13012  ;
; Average fan-out                             ; 2.86   ;
+---------------------------------------------+--------+


+---------------------------------------------------------------------------------------------------------------------------------------------------------------------------------------------------------------------------------------------------------------------------------------------------------------------------+
; Partition Merge RAM Summary                                                                                                                                                                                                                                                                                               ;
+-------------------------------------------------------------------------------------------------------------------------------------------------------------------------------------------------------+------+------------------+--------------+--------------+--------------+--------------+-------+---------------------+
; Name                                                                                                                                                                                                  ; Type ; Mode             ; Port A Depth ; Port A Width ; Port B Depth ; Port B Width ; Size  ; MIF                 ;
+-------------------------------------------------------------------------------------------------------------------------------------------------------------------------------------------------------+------+------------------+--------------+--------------+--------------+--------------+-------+---------------------+
; SinWave:S1|SinROM:ROM1|altsyncram:altsyncram_component|altsyncram_th71:auto_generated|ALTSYNCRAM                                                                                                      ; AUTO ; ROM              ; 4096         ; 16           ; --           ; --           ; 65536 ; SineTable.mif       ;
; TriangularWave:T1|TriangularROM:ROM1|altsyncram:altsyncram_component|altsyncram_1681:auto_generated|ALTSYNCRAM                                                                                        ; AUTO ; ROM              ; 2048         ; 16           ; --           ; --           ; 32768 ; TriangularTable.mif ;
; sld_signaltap:auto_signaltap_0|sld_signaltap_impl:sld_signaltap_body|sld_signaltap_implb:sld_signaltap_body|altsyncram:\stp_non_zero_ram_gen:stp_buffer_ram|altsyncram_kp14:auto_generated|ALTSYNCRAM ; AUTO ; Simple Dual Port ; 128          ; 21           ; 128          ; 21           ; 2688  ; None                ;
+-------------------------------------------------------------------------------------------------------------------------------------------------------------------------------------------------------+------+------------------+--------------+--------------+--------------+--------------+-------+---------------------+


+--------------------------+
; Partition Merge Messages ;
+--------------------------+
Info: *******************************************************************
Info: Running Quartus II 64-Bit Partition Merge
    Info: Version 13.0.0 Build 156 04/24/2013 SJ Full Version
    Info: Processing started: Sat Jun 29 10:59:43 2019
Info: Command: quartus_cdb --read_settings_files=off --write_settings_files=off DirectDigitalSynthesizer -c DirectDigitalSynthesizer --merge=on
Warning (35010): Previously generated Fitter netlist for partition "Top" is older than current Synthesis netlist -- using the current Synthesis netlist instead to ensure that the latest source changes are included
    Info (35011): Set the option to Ignore source file changes to force the Quartus II software to always use a previously generated Fitter netlist
Info (35007): Using synthesis netlist for partition "Top"
Info (35007): Using synthesis netlist for partition "sld_hub:auto_hub"
Info (35007): Using synthesis netlist for partition "sld_signaltap:auto_signaltap_0"
Info (35024): Succesfully connected in-system debug instance "auto_signaltap_0" to all 43 required data inputs, trigger inputs, acquisition clocks, and dynamic pins
Info (35002): Resolved and merged 3 partition(s)
Info (16010): Generating hard_block partition "hard_block:auto_generated_inst"
    Info (16011): Adding 0 node(s), including 0 DDIO, 0 PLL, 0 transceiver and 0 LCELL
Info (21057): Implemented 4152 device resources after synthesis - the final resource count might be different
    Info (21058): Implemented 12 input pins
    Info (21059): Implemented 36 output pins
    Info (21061): Implemented 4050 logic cells
    Info (21064): Implemented 53 RAM segments
Info: Quartus II 64-Bit Partition Merge was successful. 0 errors, 1 warning
    Info: Peak virtual memory: 4637 megabytes
    Info: Processing ended: Sat Jun 29 10:59:45 2019
    Info: Elapsed time: 00:00:02
    Info: Total CPU time (on all processors): 00:00:02


